<?xml version="1.0" encoding="UTF-8"?>
<!-- Generated by org.testng.reporters.JUnitReportReporter -->
<testsuite hostname="DESKTOP-BSK1J2J" failures="0" tests="1" name="tests.InvoiceTest" time="0.160" errors="0" timestamp="2021-11-25T21:05:26 EST" skipped="0">
  <testcase classname="tests.InvoiceTest" name="invoiceLinkTest" time="0.160"/>
  <system-out/>
</testsuite> <!-- tests.InvoiceTest -->
