<?xml version="1.0" encoding="UTF-8"?>
<!-- Generated by org.testng.reporters.JUnitReportReporter -->
<testsuite hostname="DESKTOP-BSK1J2J" failures="0" tests="3" name="loginTest.LoginTest" time="0.800" errors="0" timestamp="2021-11-03T13:40:41 EDT" skipped="0">
  <testcase classname="loginTest.LoginTest" name="positiveLoginTest" time="0.588"/>
  <system-out/>
  <testcase classname="loginTest.LoginTest" name="negativeLoginTest" time="0.120"/>
  <system-out/>
  <testcase classname="loginTest.LoginTest" name="nullLoginTest" time="0.092"/>
  <system-out/>
</testsuite> <!-- loginTest.LoginTest -->
