<?xml version="1.0" encoding="UTF-8"?>
<!-- Generated by org.testng.reporters.JUnitReportReporter -->
<testsuite hostname="DESKTOP-BSK1J2J" failures="0" tests="1" name="inventoryTest.InvoiceTest" time="5.318" errors="0" timestamp="2021-11-03T13:40:41 EDT" skipped="0">
  <testcase classname="inventoryTest.InvoiceTest" name="invoiceLinkTest" time="5.318"/>
  <system-out/>
</testsuite> <!-- inventoryTest.InvoiceTest -->
