<?xml version="1.0" encoding="UTF-8"?>
<!-- Generated by org.testng.reporters.JUnitReportReporter -->
<testsuite hostname="DESKTOP-BSK1J2J" failures="0" tests="3" name="tests.LoginTest" time="0.938" errors="0" timestamp="2021-12-12T15:55:11 EST" skipped="0">
  <testcase classname="tests.LoginTest" name="positiveLoginTest" time="0.655"/>
  <system-out/>
  <testcase classname="tests.LoginTest" name="negativeLoginTest" time="0.145"/>
  <system-out/>
  <testcase classname="tests.LoginTest" name="nullLoginTest" time="0.138"/>
  <system-out/>
</testsuite> <!-- tests.LoginTest -->
